<?xml version="1.0" encoding="UTF-8"?>
<!-- Generated by org.testng.reporters.JUnitXMLReporter -->
<testsuite hostname="DESKTOP-OI33K19" ignored="0" name="Command line test" tests="5" failures="0" timestamp="2020-02-28T15:07:11 IST" time="11.306" errors="0">
  <testcase name="createNewPost" time="5.553" classname="com.testcases.PostsTest"/>
  <testcase name="getAllPosts" time="1.308" classname="com.testcases.PostsTest"/>
  <testcase name="getPostsThroughUserId" time="1.26" classname="com.testcases.PostsTest"/>
  <testcase name="getSinglePost" time="1.965" classname="com.testcases.PostsTest"/>
  <testcase name="getSingleUser" time="1.143" classname="com.testcases.UsersTest"/>
</testsuite> <!-- Command line test -->
