<?xml version="1.0" encoding="UTF-8"?>
<testng-results skipped="0" failed="0" ignored="0" total="5" passed="5">
  <reporter-output>
  </reporter-output>
  <suite name="Command line suite" duration-ms="11306" started-at="2020-02-28T15:07:00 IST" finished-at="2020-02-28T15:07:11 IST">
    <groups>
    </groups>
    <test name="Command line test" duration-ms="11306" started-at="2020-02-28T15:07:00 IST" finished-at="2020-02-28T15:07:11 IST">
      <class name="com.testcases.PostsTest">
        <test-method status="PASS" signature="set()[pri:0, instance:com.testcases.PostsTest@58ea606c]" name="set" is-config="true" duration-ms="16" started-at="2020-02-28T15:07:00 IST" finished-at="2020-02-28T15:07:00 IST">
          <reporter-output>
          </reporter-output>
        </test-method> <!-- set -->
        <test-method status="PASS" signature="createNewPost()[pri:0, instance:com.testcases.PostsTest@58ea606c]" name="createNewPost" duration-ms="5553" started-at="2020-02-28T15:07:00 IST" finished-at="2020-02-28T15:07:06 IST">
          <reporter-output>
          </reporter-output>
        </test-method> <!-- createNewPost -->
        <test-method status="PASS" signature="getAllPosts()[pri:0, instance:com.testcases.PostsTest@58ea606c]" name="getAllPosts" duration-ms="1308" started-at="2020-02-28T15:07:06 IST" finished-at="2020-02-28T15:07:07 IST">
          <reporter-output>
          </reporter-output>
        </test-method> <!-- getAllPosts -->
        <test-method status="PASS" signature="getPostsThroughUserId()[pri:0, instance:com.testcases.PostsTest@58ea606c]" name="getPostsThroughUserId" duration-ms="1260" started-at="2020-02-28T15:07:07 IST" finished-at="2020-02-28T15:07:08 IST">
          <reporter-output>
          </reporter-output>
        </test-method> <!-- getPostsThroughUserId -->
        <test-method status="PASS" signature="getSinglePost()[pri:0, instance:com.testcases.PostsTest@58ea606c]" name="getSinglePost" duration-ms="1965" started-at="2020-02-28T15:07:08 IST" finished-at="2020-02-28T15:07:10 IST">
          <reporter-output>
          </reporter-output>
        </test-method> <!-- getSinglePost -->
      </class> <!-- com.testcases.PostsTest -->
      <class name="com.testcases.UsersTest">
        <test-method status="PASS" signature="test()[pri:0, instance:com.testcases.UsersTest@6f45df59]" name="test" is-config="true" duration-ms="1" started-at="2020-02-28T15:07:10 IST" finished-at="2020-02-28T15:07:10 IST">
          <reporter-output>
          </reporter-output>
        </test-method> <!-- test -->
        <test-method status="PASS" signature="getSingleUser()[pri:0, instance:com.testcases.UsersTest@6f45df59]" name="getSingleUser" duration-ms="1143" started-at="2020-02-28T15:07:10 IST" finished-at="2020-02-28T15:07:11 IST">
          <reporter-output>
          </reporter-output>
        </test-method> <!-- getSingleUser -->
      </class> <!-- com.testcases.UsersTest -->
    </test> <!-- Command line test -->
  </suite> <!-- Command line suite -->
</testng-results>
