<?xml version="1.0" encoding="UTF-8" ?>
<testsuite tests="5" failures="0" name="TestSuite" time="11.234" errors="0" skipped="0">
  <properties>
[...]
</properties>
  <testcase classname="com.testcases.PostsTest" name="createNewPost" time="5.577"/>
  <testcase classname="com.testcases.PostsTest" name="getAllPosts" time="1.401"/>
  <testcase classname="com.testcases.PostsTest" name="getPostsThroughUserId" time="1.149"/>
  <testcase classname="com.testcases.PostsTest" name="getSinglePost" time="1.965"/>
  <testcase classname="com.testcases.UsersTest" name="getSingleUser" time="1.142"/>
</testsuite>