<?xml version="1.0" encoding="UTF-8"?>
<testng-results skipped="0" failed="0" ignored="0" total="2" passed="2">
  <reporter-output>
  </reporter-output>
  <suite name="Suite" duration-ms="7279" started-at="2020-02-28T13:54:18 IST" finished-at="2020-02-28T13:54:26 IST">
    <groups>
    </groups>
    <test name="Test" duration-ms="7279" started-at="2020-02-28T13:54:18 IST" finished-at="2020-02-28T13:54:26 IST">
      <class name="com.testcases.PostsTest">
        <test-method status="PASS" signature="set()[pri:0, instance:com.testcases.PostsTest@10bbd20a]" name="set" is-config="true" duration-ms="1" started-at="2020-02-28T13:54:19 IST" finished-at="2020-02-28T13:54:19 IST">
          <reporter-output>
          </reporter-output>
        </test-method> <!-- set -->
        <test-method status="PASS" signature="createNewPost()[pri:0, instance:com.testcases.PostsTest@10bbd20a]" name="createNewPost" duration-ms="5124" started-at="2020-02-28T13:54:19 IST" finished-at="2020-02-28T13:54:24 IST">
          <reporter-output>
          </reporter-output>
        </test-method> <!-- createNewPost -->
      </class> <!-- com.testcases.PostsTest -->
      <class name="com.testcases.UsersTest">
        <test-method status="PASS" signature="test()[pri:0, instance:com.testcases.UsersTest@48503868]" name="test" is-config="true" duration-ms="2" started-at="2020-02-28T13:54:24 IST" finished-at="2020-02-28T13:54:24 IST">
          <reporter-output>
          </reporter-output>
        </test-method> <!-- test -->
        <test-method status="PASS" signature="getSingleUser()[pri:0, instance:com.testcases.UsersTest@48503868]" name="getSingleUser" duration-ms="1254" started-at="2020-02-28T13:54:24 IST" finished-at="2020-02-28T13:54:26 IST">
          <reporter-output>
          </reporter-output>
        </test-method> <!-- getSingleUser -->
      </class> <!-- com.testcases.UsersTest -->
      <class name="com.utilities.BaseClass">
        <test-method status="PASS" signature="setup()[pri:0, instance:com.utilities.BaseClass@64729b1e]" name="setup" is-config="true" duration-ms="824" started-at="2020-02-28T13:54:18 IST" finished-at="2020-02-28T13:54:19 IST">
          <reporter-output>
          </reporter-output>
        </test-method> <!-- setup -->
      </class> <!-- com.utilities.BaseClass -->
    </test> <!-- Test -->
  </suite> <!-- Suite -->
</testng-results>
